{"name": "test_negative_email_validation", "status": "broken", "statusDetails": {"message": "selenium.common.exceptions.NoSuchElementException: Message: no such element: Unable to locate element: {\"method\":\"css selector\",\"selector\":\"div[class=\"message-error error message\"]\"}\n  (Session info: chrome=134.0.6998.89); For documentation on this error, please visit: https://www.selenium.dev/documentation/webdriver/troubleshooting/errors#no-such-element-exception\nStacktrace:\n0   chromedriver                        0x0000000100f65804 cxxbridge1$str$ptr + 2785964\n1   chromedriver                        0x0000000100f5dddc cxxbridge1$str$ptr + 2754692\n2   chromedriver                        0x0000000100ab1ea8 cxxbridge1$string$len + 92928\n3   chromedriver                        0x0000000100af91d0 cxxbridge1$string$len + 384552\n4   chromedriver                        0x0000000100b3a678 cxxbridge1$string$len + 651984\n5   chromedriver                        0x0000000100aed35c cxxbridge1$string$len + 335796\n6   chromedriver                        0x0000000100f2acd4 cxxbridge1$str$ptr + 2545532\n7   chromedriver                        0x0000000100f2dfa0 cxxbridge1$str$ptr + 2558536\n8   chromedriver                        0x0000000100f0ad04 cxxbridge1$str$ptr + 2414508\n9   chromedriver                        0x0000000100f2e800 cxxbridge1$str$ptr + 2560680\n10  chromedriver                        0x0000000100efbba0 cxxbridge1$str$ptr + 2352712\n11  chromedriver                        0x0000000100f4e45c cxxbridge1$str$ptr + 2690820\n12  chromedriver                        0x0000000100f4e5e4 cxxbridge1$str$ptr + 2691212\n13  chromedriver                        0x0000000100f5da50 cxxbridge1$str$ptr + 2753784\n14  libsystem_pthread.dylib             0x00000001979c82e4 _pthread_start + 136\n15  libsystem_pthread.dylib             0x00000001979c30fc thread_start + 8", "trace": "driver = <selenium.webdriver.chrome.webdriver.WebDriver (session=\"9d62507134233d8e2cb84e6478714a13\")>\n\n    def test_negative_email_validation(driver):\n        driver.get(\"https://magento.softwaretestingboard.com/customer/account/create/\")\n    \n        # Вводим некорректный email\n        driver.find_element(By.CSS_SELECTOR, Locators.EMAIL_FIELD).send_keys(\"invalid_email\")\n        driver.find_element(By.CSS_SELECTOR, Locators.PASSWORD_FIELD).send_keys(\"Test12345!\")\n        driver.find_element(By.CSS_SELECTOR, Locators.CONFIRM_PASSWORD_FIELD).send_keys(\"Test12345!\")\n        driver.find_element(By.CSS_SELECTOR, Locators.CREATE_ACCOUNT_BTN).click()\n    \n        # Проверяем, что появилось сообщение об ошибке\n>       error_message = driver.find_element(By.CSS_SELECTOR, Locators.ERROR_MESSAGE).text\n\ntests/test_ui/test_firstLK.py:26: \n_ _ _ _ _ _ _ _ _ _ _ _ _ _ _ _ _ _ _ _ _ _ _ _ _ _ _ _ _ _ _ _ _ _ _ _ _ _ _ _ _ _ _ _ _ _ _ _ _ _ _ _ _ _ _ _ _ _ _ _ _ _ _ _ _ _ _ _ _ _ _ \nvenv/lib/python3.12/site-packages/selenium/webdriver/remote/webdriver.py:898: in find_element\n    return self.execute(Command.FIND_ELEMENT, {\"using\": by, \"value\": value})[\"value\"]\nvenv/lib/python3.12/site-packages/selenium/webdriver/remote/webdriver.py:429: in execute\n    self.error_handler.check_response(response)\n_ _ _ _ _ _ _ _ _ _ _ _ _ _ _ _ _ _ _ _ _ _ _ _ _ _ _ _ _ _ _ _ _ _ _ _ _ _ _ _ _ _ _ _ _ _ _ _ _ _ _ _ _ _ _ _ _ _ _ _ _ _ _ _ _ _ _ _ _ _ _ \n\nself = <selenium.webdriver.remote.errorhandler.ErrorHandler object at 0x102dcc650>\nresponse = {'status': 404, 'value': '{\"value\":{\"error\":\"no such element\",\"message\":\"no such element: Unable to locate element: {\\...0001979c82e4 _pthread_start + 136\\\\n15  libsystem_pthread.dylib             0x00000001979c30fc thread_start + 8\\\\n\"}}'}\n\n    def check_response(self, response: Dict[str, Any]) -> None:\n        \"\"\"Checks that a JSON response from the WebDriver does not have an\n        error.\n    \n        :Args:\n         - response - The JSON response from the WebDriver server as a dictionary\n           object.\n    \n        :Raises: If the response contains an error message.\n        \"\"\"\n        status = response.get(\"status\", None)\n        if not status or status == ErrorCode.SUCCESS:\n            return\n        value = None\n        message = response.get(\"message\", \"\")\n        screen: str = response.get(\"screen\", \"\")\n        stacktrace = None\n        if isinstance(status, int):\n            value_json = response.get(\"value\", None)\n            if value_json and isinstance(value_json, str):\n                import json\n    \n                try:\n                    value = json.loads(value_json)\n                    if len(value) == 1:\n                        value = value[\"value\"]\n                    status = value.get(\"error\", None)\n                    if not status:\n                        status = value.get(\"status\", ErrorCode.UNKNOWN_ERROR)\n                        message = value.get(\"value\") or value.get(\"message\")\n                        if not isinstance(message, str):\n                            value = message\n                            message = message.get(\"message\")\n                    else:\n                        message = value.get(\"message\", None)\n                except ValueError:\n                    pass\n    \n        exception_class: Type[WebDriverException]\n        e = ErrorCode()\n        error_codes = [item for item in dir(e) if not item.startswith(\"__\")]\n        for error_code in error_codes:\n            error_info = getattr(ErrorCode, error_code)\n            if isinstance(error_info, list) and status in error_info:\n                exception_class = getattr(ExceptionMapping, error_code, WebDriverException)\n                break\n        else:\n            exception_class = WebDriverException\n    \n        if not value:\n            value = response[\"value\"]\n        if isinstance(value, str):\n            raise exception_class(value)\n        if message == \"\" and \"message\" in value:\n            message = value[\"message\"]\n    \n        screen = None  # type: ignore[assignment]\n        if \"screen\" in value:\n            screen = value[\"screen\"]\n    \n        stacktrace = None\n        st_value = value.get(\"stackTrace\") or value.get(\"stacktrace\")\n        if st_value:\n            if isinstance(st_value, str):\n                stacktrace = st_value.split(\"\\n\")\n            else:\n                stacktrace = []\n                try:\n                    for frame in st_value:\n                        line = frame.get(\"lineNumber\", \"\")\n                        file = frame.get(\"fileName\", \"<anonymous>\")\n                        if line:\n                            file = f\"{file}:{line}\"\n                        meth = frame.get(\"methodName\", \"<anonymous>\")\n                        if \"className\" in frame:\n                            meth = f\"{frame['className']}.{meth}\"\n                        msg = \"    at %s (%s)\"\n                        msg = msg % (meth, file)\n                        stacktrace.append(msg)\n                except TypeError:\n                    pass\n        if exception_class == UnexpectedAlertPresentException:\n            alert_text = None\n            if \"data\" in value:\n                alert_text = value[\"data\"].get(\"text\")\n            elif \"alert\" in value:\n                alert_text = value[\"alert\"].get(\"text\")\n            raise exception_class(message, screen, stacktrace, alert_text)  # type: ignore[call-arg]  # mypy is not smart enough here\n>       raise exception_class(message, screen, stacktrace)\nE       selenium.common.exceptions.NoSuchElementException: Message: no such element: Unable to locate element: {\"method\":\"css selector\",\"selector\":\"div[class=\"message-error error message\"]\"}\nE         (Session info: chrome=134.0.6998.89); For documentation on this error, please visit: https://www.selenium.dev/documentation/webdriver/troubleshooting/errors#no-such-element-exception\nE       Stacktrace:\nE       0   chromedriver                        0x0000000100f65804 cxxbridge1$str$ptr + 2785964\nE       1   chromedriver                        0x0000000100f5dddc cxxbridge1$str$ptr + 2754692\nE       2   chromedriver                        0x0000000100ab1ea8 cxxbridge1$string$len + 92928\nE       3   chromedriver                        0x0000000100af91d0 cxxbridge1$string$len + 384552\nE       4   chromedriver                        0x0000000100b3a678 cxxbridge1$string$len + 651984\nE       5   chromedriver                        0x0000000100aed35c cxxbridge1$string$len + 335796\nE       6   chromedriver                        0x0000000100f2acd4 cxxbridge1$str$ptr + 2545532\nE       7   chromedriver                        0x0000000100f2dfa0 cxxbridge1$str$ptr + 2558536\nE       8   chromedriver                        0x0000000100f0ad04 cxxbridge1$str$ptr + 2414508\nE       9   chromedriver                        0x0000000100f2e800 cxxbridge1$str$ptr + 2560680\nE       10  chromedriver                        0x0000000100efbba0 cxxbridge1$str$ptr + 2352712\nE       11  chromedriver                        0x0000000100f4e45c cxxbridge1$str$ptr + 2690820\nE       12  chromedriver                        0x0000000100f4e5e4 cxxbridge1$str$ptr + 2691212\nE       13  chromedriver                        0x0000000100f5da50 cxxbridge1$str$ptr + 2753784\nE       14  libsystem_pthread.dylib             0x00000001979c82e4 _pthread_start + 136\nE       15  libsystem_pthread.dylib             0x00000001979c30fc thread_start + 8\n\nvenv/lib/python3.12/site-packages/selenium/webdriver/remote/errorhandler.py:232: NoSuchElementException"}, "start": 1742008901437, "stop": 1742008903664, "uuid": "cb2ce4c5-a866-4d37-8429-c6b28cd430d4", "historyId": "8cdd8c7cef4549a2792093ad1a51cf85", "testCaseId": "8cdd8c7cef4549a2792093ad1a51cf85", "fullName": "tests.test_ui.test_firstLK#test_negative_email_validation", "labels": [{"name": "parentSuite", "value": "tests.test_ui"}, {"name": "suite", "value": "test_firstLK"}, {"name": "host", "value": "Lilianas-MacBook-Air.local"}, {"name": "thread", "value": "38823-MainThread"}, {"name": "framework", "value": "pytest"}, {"name": "language", "value": "cpython3"}, {"name": "package", "value": "tests.test_ui.test_firstLK"}]}